c:\users\kevin\documents\visual studio 2017\projects\learning\learning\debug\vc141.pdb
c:\users\kevin\documents\visual studio 2017\projects\learning\learning\debug\vc141.idb
c:\users\kevin\documents\visual studio 2017\projects\learning\learning\debug\language.obj
c:\users\kevin\documents\visual studio 2017\projects\learning\learning\debug\main.obj
c:\users\kevin\documents\visual studio 2017\projects\learning\learning\debug\math.obj
c:\users\kevin\documents\github\learningtool\learning\debug\vc141.pdb
c:\users\kevin\documents\github\learningtool\learning\debug\vc141.idb
c:\users\kevin\documents\github\learningtool\learning\debug\language.obj
c:\users\kevin\documents\github\learningtool\learning\debug\main.obj
c:\users\kevin\documents\github\learningtool\learning\debug\math.obj
c:\users\kevin\documents\visual studio 2017\projects\learning\debug\learning.ilk
c:\users\kevin\documents\visual studio 2017\projects\learning\debug\learning.exe
c:\users\kevin\documents\visual studio 2017\projects\learning\debug\learning.pdb
c:\users\kevin\documents\github\learningtool\debug\learning.ilk
c:\users\kevin\documents\github\learningtool\debug\learning.exe
c:\users\kevin\documents\github\learningtool\debug\learning.pdb
c:\users\kevin\documents\github\learningtool\learning\debug\language.obj.enc
c:\users\kevin\documents\github\learningtool\learning\debug\learning.tlog\cl.command.1.tlog
c:\users\kevin\documents\github\learningtool\learning\debug\learning.tlog\cl.read.1.tlog
c:\users\kevin\documents\github\learningtool\learning\debug\learning.tlog\cl.write.1.tlog
c:\users\kevin\documents\github\learningtool\learning\debug\learning.tlog\link.command.1.tlog
c:\users\kevin\documents\github\learningtool\learning\debug\learning.tlog\link.read.1.tlog
c:\users\kevin\documents\github\learningtool\learning\debug\learning.tlog\link.write.1.tlog
